<?xml version="1.0" encoding="UTF-8"?>
<coverage generated="1636135480445" clover="3.2.0">
  <project timestamp="1636135480445" name="All files">
    <metrics statements="109" coveredstatements="106" conditionals="12" coveredconditionals="11" methods="52" coveredmethods="50" elements="173" coveredelements="167" complexity="0" loc="109" ncloc="109" packages="5" files="13" classes="13"/>
    <package name="src">
      <metrics statements="22" coveredstatements="22" conditionals="0" coveredconditionals="0" methods="13" coveredmethods="13"/>
      <file name="App.js" path="/home/joaofelipe/Curso-Trybe/trybe_projects/sd-015-a-project-react-testing-library/src/App.js">
        <metrics statements="21" coveredstatements="21" conditionals="0" coveredconditionals="0" methods="13" coveredmethods="13"/>
        <line num="23" count="12" type="stmt"/>
        <line num="24" count="12" type="stmt"/>
        <line num="25" count="108" type="stmt"/>
        <line num="26" count="108" type="stmt"/>
        <line num="29" count="12" type="stmt"/>
        <line num="33" count="11" type="stmt"/>
        <line num="34" count="11" type="stmt"/>
        <line num="38" count="1" type="stmt"/>
        <line num="40" count="1" type="stmt"/>
        <line num="44" count="12" type="stmt"/>
        <line num="46" count="12" type="stmt"/>
        <line num="55" count="2" type="stmt"/>
        <line num="57" count="2" type="stmt"/>
        <line num="63" count="1" type="stmt"/>
        <line num="70" count="12" type="stmt"/>
        <line num="71" count="108" type="stmt"/>
        <line num="73" count="12" type="stmt"/>
        <line num="78" count="12" type="stmt"/>
        <line num="82" count="2" type="stmt"/>
        <line num="86" count="2" type="stmt"/>
        <line num="95" count="12" type="stmt"/>
      </file>
      <file name="data.js" path="/home/joaofelipe/Curso-Trybe/trybe_projects/sd-015-a-project-react-testing-library/src/data.js">
        <metrics statements="1" coveredstatements="1" conditionals="0" coveredconditionals="0" methods="0" coveredmethods="0"/>
        <line num="1" count="3" type="stmt"/>
      </file>
    </package>
    <package name="src.components">
      <metrics statements="68" coveredstatements="68" conditionals="8" coveredconditionals="8" methods="32" coveredmethods="32"/>
      <file name="About.js" path="/home/joaofelipe/Curso-Trybe/trybe_projects/sd-015-a-project-react-testing-library/src/components/About.js">
        <metrics statements="2" coveredstatements="2" conditionals="0" coveredconditionals="0" methods="1" coveredmethods="1"/>
        <line num="4" count="4" type="stmt"/>
        <line num="5" count="4" type="stmt"/>
      </file>
      <file name="Button.js" path="/home/joaofelipe/Curso-Trybe/trybe_projects/sd-015-a-project-react-testing-library/src/components/Button.js">
        <metrics statements="4" coveredstatements="4" conditionals="0" coveredconditionals="0" methods="1" coveredmethods="1"/>
        <line num="6" count="3" type="stmt"/>
        <line num="13" count="216" type="stmt"/>
        <line num="24" count="3" type="stmt"/>
        <line num="32" count="3" type="stmt"/>
      </file>
      <file name="FavoritePokemons.js" path="/home/joaofelipe/Curso-Trybe/trybe_projects/sd-015-a-project-react-testing-library/src/components/FavoritePokemons.js">
        <metrics statements="13" coveredstatements="13" conditionals="2" coveredconditionals="2" methods="5" coveredmethods="5"/>
        <line num="9" count="3" type="stmt"/>
        <line num="13" count="2" type="stmt"/>
        <line num="21" count="1" type="stmt"/>
        <line num="29" count="1" type="stmt"/>
        <line num="30" count="1" type="stmt"/>
        <line num="32" count="1" type="stmt"/>
        <line num="34" count="1" type="stmt"/>
        <line num="40" count="3" type="stmt"/>
        <line num="41" count="3" type="stmt"/>
        <line num="42" count="3" type="stmt"/>
        <line num="44" count="3" type="stmt"/>
        <line num="53" count="3" type="stmt"/>
        <line num="57" count="3" type="stmt"/>
      </file>
      <file name="NotFound.js" path="/home/joaofelipe/Curso-Trybe/trybe_projects/sd-015-a-project-react-testing-library/src/components/NotFound.js">
        <metrics statements="2" coveredstatements="2" conditionals="0" coveredconditionals="0" methods="1" coveredmethods="1"/>
        <line num="4" count="4" type="stmt"/>
        <line num="5" count="3" type="stmt"/>
      </file>
      <file name="Pokedex.js" path="/home/joaofelipe/Curso-Trybe/trybe_projects/sd-015-a-project-react-testing-library/src/components/Pokedex.js">
        <metrics statements="24" coveredstatements="24" conditionals="2" coveredconditionals="2" methods="14" coveredmethods="14"/>
        <line num="11" count="11" type="stmt"/>
        <line num="12" count="11" type="stmt"/>
        <line num="16" count="2" type="stmt"/>
        <line num="20" count="10" type="stmt"/>
        <line num="21" count="10" type="stmt"/>
        <line num="26" count="24" type="stmt"/>
        <line num="27" count="24" type="stmt"/>
        <line num="29" count="24" type="stmt"/>
        <line num="30" count="216" type="cond" truecount="2" falsecount="0"/>
        <line num="31" count="18" type="stmt"/>
        <line num="36" count="24" type="stmt"/>
        <line num="38" count="216" type="stmt"/>
        <line num="42" count="24" type="stmt"/>
        <line num="44" count="24" type="stmt"/>
        <line num="47" count="1" type="stmt"/>
        <line num="53" count="168" type="stmt"/>
        <line num="56" count="1" type="stmt"/>
        <line num="67" count="24" type="stmt"/>
        <line num="68" count="24" type="stmt"/>
        <line num="69" count="24" type="stmt"/>
        <line num="70" count="24" type="stmt"/>
        <line num="72" count="24" type="stmt"/>
        <line num="83" count="10" type="stmt"/>
        <line num="93" count="3" type="stmt"/>
      </file>
      <file name="Pokemon.js" path="/home/joaofelipe/Curso-Trybe/trybe_projects/sd-015-a-project-react-testing-library/src/components/Pokemon.js">
        <metrics statements="6" coveredstatements="6" conditionals="4" coveredconditionals="4" methods="1" coveredmethods="1"/>
        <line num="9" count="3" type="stmt"/>
        <line num="10" count="27" type="stmt"/>
        <line num="11" count="27" type="stmt"/>
        <line num="13" count="27" type="stmt"/>
        <line num="35" count="3" type="stmt"/>
        <line num="41" count="3" type="stmt"/>
      </file>
      <file name="PokemonDetails.js" path="/home/joaofelipe/Curso-Trybe/trybe_projects/sd-015-a-project-react-testing-library/src/components/PokemonDetails.js">
        <metrics statements="17" coveredstatements="17" conditionals="0" coveredconditionals="0" methods="9" coveredmethods="9"/>
        <line num="11" count="2" type="stmt"/>
        <line num="16" count="4" type="stmt"/>
        <line num="27" count="2" type="stmt"/>
        <line num="36" count="1" type="stmt"/>
        <line num="38" count="1" type="stmt"/>
        <line num="42" count="2" type="stmt"/>
        <line num="44" count="2" type="stmt"/>
        <line num="48" count="2" type="stmt"/>
        <line num="50" count="2" type="stmt"/>
        <line num="59" count="1" type="stmt"/>
        <line num="68" count="2" type="stmt"/>
        <line num="69" count="2" type="stmt"/>
        <line num="73" count="2" type="stmt"/>
        <line num="75" count="2" type="stmt"/>
        <line num="76" count="2" type="stmt"/>
        <line num="78" count="2" type="stmt"/>
        <line num="94" count="3" type="stmt"/>
      </file>
      <file name="index.js" path="/home/joaofelipe/Curso-Trybe/trybe_projects/sd-015-a-project-react-testing-library/src/components/index.js">
        <metrics statements="0" coveredstatements="0" conditionals="0" coveredconditionals="0" methods="0" coveredmethods="0"/>
      </file>
    </package>
    <package name="src.services">
      <metrics statements="14" coveredstatements="11" conditionals="4" coveredconditionals="3" methods="6" coveredmethods="4"/>
      <file name="pokedexService.js" path="/home/joaofelipe/Curso-Trybe/trybe_projects/sd-015-a-project-react-testing-library/src/services/pokedexService.js">
        <metrics statements="14" coveredstatements="11" conditionals="4" coveredconditionals="3" methods="6" coveredmethods="4"/>
        <line num="1" count="3" type="stmt"/>
        <line num="2" count="13" type="cond" truecount="2" falsecount="0"/>
        <line num="5" count="3" type="stmt"/>
        <line num="6" count="1" type="stmt"/>
        <line num="9" count="3" type="stmt"/>
        <line num="10" count="1" type="stmt"/>
        <line num="11" count="1" type="stmt"/>
        <line num="13" count="1" type="stmt"/>
        <line num="16" count="3" type="stmt"/>
        <line num="17" count="0" type="stmt"/>
        <line num="18" count="0" type="stmt"/>
        <line num="20" count="0" type="stmt"/>
        <line num="23" count="3" type="stmt"/>
        <line num="24" count="1" type="cond" truecount="1" falsecount="1"/>
      </file>
    </package>
    <package name="src.tests">
      <metrics statements="3" coveredstatements="3" conditionals="0" coveredconditionals="0" methods="1" coveredmethods="1"/>
      <file name="renderWithRouter.js" path="/home/joaofelipe/Curso-Trybe/trybe_projects/sd-015-a-project-react-testing-library/src/tests/renderWithRouter.js">
        <metrics statements="3" coveredstatements="3" conditionals="0" coveredconditionals="0" methods="1" coveredmethods="1"/>
        <line num="6" count="3" type="stmt"/>
        <line num="7" count="11" type="stmt"/>
        <line num="9" count="11" type="stmt"/>
      </file>
    </package>
    <package name="src.types">
      <metrics statements="2" coveredstatements="2" conditionals="0" coveredconditionals="0" methods="0" coveredmethods="0"/>
      <file name="index.js" path="/home/joaofelipe/Curso-Trybe/trybe_projects/sd-015-a-project-react-testing-library/src/types/index.js">
        <metrics statements="2" coveredstatements="2" conditionals="0" coveredconditionals="0" methods="0" coveredmethods="0"/>
        <line num="10" count="3" type="stmt"/>
        <line num="12" count="3" type="stmt"/>
      </file>
    </package>
  </project>
</coverage>
