TN:
SF:/home/joaofelipe/Curso-Trybe/trybe_projects/sd-015-a-project-react-testing-library/src/App.js
FN:22,(anonymous_0)
FN:24,(anonymous_1)
FN:32,(anonymous_2)
FN:37,(anonymous_3)
FN:43,(anonymous_4)
FN:54,(anonymous_5)
FN:62,(anonymous_6)
FN:69,(anonymous_7)
FN:71,(anonymous_8)
FN:78,(anonymous_9)
FN:82,(anonymous_10)
FN:86,(anonymous_11)
FN:94,(anonymous_12)
FNF:13
FNH:13
FNDA:12,(anonymous_0)
FNDA:108,(anonymous_1)
FNDA:11,(anonymous_2)
FNDA:1,(anonymous_3)
FNDA:12,(anonymous_4)
FNDA:2,(anonymous_5)
FNDA:1,(anonymous_6)
FNDA:12,(anonymous_7)
FNDA:108,(anonymous_8)
FNDA:12,(anonymous_9)
FNDA:2,(anonymous_10)
FNDA:2,(anonymous_11)
FNDA:12,(anonymous_12)
DA:23,12
DA:24,12
DA:25,108
DA:26,108
DA:29,12
DA:33,11
DA:34,11
DA:38,1
DA:40,1
DA:44,12
DA:46,12
DA:55,2
DA:57,2
DA:63,1
DA:70,12
DA:71,108
DA:73,12
DA:78,12
DA:82,2
DA:86,2
DA:95,12
LF:21
LH:21
BRF:0
BRH:0
end_of_record
TN:
SF:/home/joaofelipe/Curso-Trybe/trybe_projects/sd-015-a-project-react-testing-library/src/data.js
FNF:0
FNH:0
DA:1,3
LF:1
LH:1
BRF:0
BRH:0
end_of_record
TN:
SF:/home/joaofelipe/Curso-Trybe/trybe_projects/sd-015-a-project-react-testing-library/src/components/About.js
FN:4,(anonymous_0)
FNF:1
FNH:1
FNDA:4,(anonymous_0)
DA:4,4
DA:5,4
LF:2
LH:2
BRF:0
BRH:0
end_of_record
TN:
SF:/home/joaofelipe/Curso-Trybe/trybe_projects/sd-015-a-project-react-testing-library/src/components/Button.js
FN:6,(anonymous_0)
FNF:1
FNH:1
FNDA:216,(anonymous_0)
DA:6,3
DA:13,216
DA:24,3
DA:32,3
LF:4
LH:4
BRF:0
BRH:0
end_of_record
TN:
SF:/home/joaofelipe/Curso-Trybe/trybe_projects/sd-015-a-project-react-testing-library/src/components/FavoritePokemons.js
FN:12,(anonymous_0)
FN:20,(anonymous_1)
FN:28,(anonymous_2)
FN:34,(anonymous_3)
FN:39,(anonymous_4)
FNF:5
FNH:5
FNDA:2,(anonymous_0)
FNDA:1,(anonymous_1)
FNDA:1,(anonymous_2)
FNDA:1,(anonymous_3)
FNDA:3,(anonymous_4)
DA:9,3
DA:13,2
DA:21,1
DA:29,1
DA:30,1
DA:32,1
DA:34,1
DA:40,3
DA:41,3
DA:42,3
DA:44,3
DA:53,3
DA:57,3
LF:13
LH:13
BRDA:47,0,0,2
BRDA:47,0,1,1
BRF:2
BRH:2
end_of_record
TN:
SF:/home/joaofelipe/Curso-Trybe/trybe_projects/sd-015-a-project-react-testing-library/src/components/NotFound.js
FN:4,(anonymous_0)
FNF:1
FNH:1
FNDA:3,(anonymous_0)
DA:4,4
DA:5,3
LF:2
LH:2
BRF:0
BRH:0
end_of_record
TN:
SF:/home/joaofelipe/Curso-Trybe/trybe_projects/sd-015-a-project-react-testing-library/src/components/Pokedex.js
FN:10,(anonymous_0)
FN:15,(anonymous_1)
FN:19,(anonymous_2)
FN:20,(anonymous_3)
FN:25,(anonymous_4)
FN:29,(anonymous_5)
FN:35,(anonymous_6)
FN:38,(anonymous_7)
FN:41,(anonymous_8)
FN:47,(anonymous_9)
FN:52,(anonymous_10)
FN:56,(anonymous_11)
FN:66,(anonymous_12)
FN:83,(anonymous_13)
FNF:14
FNH:14
FNDA:11,(anonymous_0)
FNDA:2,(anonymous_1)
FNDA:10,(anonymous_2)
FNDA:10,(anonymous_3)
FNDA:24,(anonymous_4)
FNDA:216,(anonymous_5)
FNDA:24,(anonymous_6)
FNDA:216,(anonymous_7)
FNDA:24,(anonymous_8)
FNDA:1,(anonymous_9)
FNDA:168,(anonymous_10)
FNDA:1,(anonymous_11)
FNDA:24,(anonymous_12)
FNDA:10,(anonymous_13)
DA:11,11
DA:12,11
DA:16,2
DA:20,10
DA:21,10
DA:26,24
DA:27,24
DA:29,24
DA:30,216
DA:31,18
DA:36,24
DA:38,216
DA:42,24
DA:44,24
DA:47,1
DA:53,168
DA:56,1
DA:67,24
DA:68,24
DA:69,24
DA:70,24
DA:72,24
DA:83,10
DA:93,3
LF:24
LH:24
BRDA:30,0,0,198
BRDA:30,0,1,18
BRF:2
BRH:2
end_of_record
TN:
SF:/home/joaofelipe/Curso-Trybe/trybe_projects/sd-015-a-project-react-testing-library/src/components/Pokemon.js
FN:9,(anonymous_0)
FNF:1
FNH:1
FNDA:27,(anonymous_0)
DA:9,3
DA:10,27
DA:11,27
DA:13,27
DA:35,3
DA:41,3
LF:6
LH:6
BRDA:21,0,0,27
BRDA:21,0,1,25
BRDA:24,1,0,27
BRDA:24,1,1,2
BRF:4
BRH:4
end_of_record
TN:
SF:/home/joaofelipe/Curso-Trybe/trybe_projects/sd-015-a-project-react-testing-library/src/components/PokemonDetails.js
FN:10,(anonymous_0)
FN:15,(anonymous_1)
FN:26,(anonymous_2)
FN:35,(anonymous_3)
FN:41,(anonymous_4)
FN:44,(anonymous_5)
FN:47,(anonymous_6)
FN:59,(anonymous_7)
FN:67,(anonymous_8)
FNF:9
FNH:9
FNDA:2,(anonymous_0)
FNDA:4,(anonymous_1)
FNDA:2,(anonymous_2)
FNDA:1,(anonymous_3)
FNDA:2,(anonymous_4)
FNDA:2,(anonymous_5)
FNDA:2,(anonymous_6)
FNDA:1,(anonymous_7)
FNDA:2,(anonymous_8)
DA:11,2
DA:16,4
DA:27,2
DA:36,1
DA:38,1
DA:42,2
DA:44,2
DA:48,2
DA:50,2
DA:59,1
DA:68,2
DA:69,2
DA:73,2
DA:75,2
DA:76,2
DA:78,2
DA:94,3
LF:17
LH:17
BRF:0
BRH:0
end_of_record
TN:
SF:/home/joaofelipe/Curso-Trybe/trybe_projects/sd-015-a-project-react-testing-library/src/components/index.js
FNF:0
FNH:0
LF:0
LH:0
BRF:0
BRH:0
end_of_record
TN:
SF:/home/joaofelipe/Curso-Trybe/trybe_projects/sd-015-a-project-react-testing-library/src/services/pokedexService.js
FN:1,(anonymous_0)
FN:5,(anonymous_1)
FN:9,(anonymous_2)
FN:16,(anonymous_3)
FN:18,(anonymous_4)
FN:23,(anonymous_5)
FNF:6
FNH:4
FNDA:13,(anonymous_0)
FNDA:1,(anonymous_1)
FNDA:1,(anonymous_2)
FNDA:0,(anonymous_3)
FNDA:0,(anonymous_4)
FNDA:1,(anonymous_5)
DA:1,3
DA:2,13
DA:5,3
DA:6,1
DA:9,3
DA:10,1
DA:11,1
DA:13,1
DA:16,3
DA:17,0
DA:18,0
DA:20,0
DA:23,3
DA:24,1
LF:14
LH:11
BRDA:2,0,0,13
BRDA:2,0,1,12
BRDA:24,1,0,1
BRDA:24,1,1,0
BRF:4
BRH:3
end_of_record
TN:
SF:/home/joaofelipe/Curso-Trybe/trybe_projects/sd-015-a-project-react-testing-library/src/tests/renderWithRouter.js
FN:6,(anonymous_0)
FNF:1
FNH:1
FNDA:11,(anonymous_0)
DA:6,3
DA:7,11
DA:9,11
LF:3
LH:3
BRF:0
BRH:0
end_of_record
TN:
SF:/home/joaofelipe/Curso-Trybe/trybe_projects/sd-015-a-project-react-testing-library/src/types/index.js
FNF:0
FNH:0
DA:10,3
DA:12,3
LF:2
LH:2
BRF:0
BRH:0
end_of_record
